Using pre-set license
Built from '2020.3/staging' branch; Version is '2020.3.22f1 (e1a7f79fd887) revision 14788599'; Using compiler version '192528614'; Build Type 'Release'
OS: 'Windows 10 Home; OS build 19043.1348; Version 2009; 64bit' Language: 'en' Physical Memory: 16275 MB
BatchMode: 1, IsHumanControllingUs: 0, StartBugReporterOnCrash: 0, Is64bit: 1, IsPro: 0

COMMAND LINE ARGUMENTS:
C:\Program Files\Unity\Hub\Editor\2020.3.22f1\Editor\Unity.exe
-adb2
-batchMode
-noUpm
-name
AssetImportWorker0
-projectPath
C:/Users/Admin/Documents/Uni Y2/Introduction to Level Design and Game Asset Creation/GitHub/Tank Game 2021
-logFile
Logs/AssetImportWorker0.log
-srvPort
54554
Successfully changed project path to: C:/Users/Admin/Documents/Uni Y2/Introduction to Level Design and Game Asset Creation/GitHub/Tank Game 2021
C:/Users/Admin/Documents/Uni Y2/Introduction to Level Design and Game Asset Creation/GitHub/Tank Game 2021
Using Asset Import Pipeline V2.
Refreshing native plugins compatible for Editor in 24.34 ms, found 2 plugins.
Preloading 0 native plugins for Editor in 0.00 ms.
Initialize engine version: 2020.3.22f1 (e1a7f79fd887)
[Subsystems] Discovering subsystems at path C:/Program Files/Unity/Hub/Editor/2020.3.22f1/Editor/Data/Resources/UnitySubsystems
[Subsystems] Discovering subsystems at path C:/Users/Admin/Documents/Uni Y2/Introduction to Level Design and Game Asset Creation/GitHub/Tank Game 2021/Assets
GfxDevice: creating device client; threaded=0
Direct3D:
    Version:  Direct3D 11.0 [level 11.1]
    Renderer: NVIDIA GeForce RTX 2070 (ID=0x1f02)
    Vendor:   
    VRAM:     8031 MB
    Driver:   30.0.14.7208
Initialize mono
Mono path[0] = 'C:/Program Files/Unity/Hub/Editor/2020.3.22f1/Editor/Data/Managed'
Mono path[1] = 'C:/Program Files/Unity/Hub/Editor/2020.3.22f1/Editor/Data/MonoBleedingEdge/lib/mono/unityjit'
Mono config path = 'C:/Program Files/Unity/Hub/Editor/2020.3.22f1/Editor/Data/MonoBleedingEdge/etc'
Using monoOptions --debugger-agent=transport=dt_socket,embedding=1,server=y,suspend=n,address=127.0.0.1:56980
Begin MonoManager ReloadAssembly
Registering precompiled unity dll's ...
Register platform support module: C:/Program Files/Unity/Hub/Editor/2020.3.22f1/Editor/Data/PlaybackEngines/WindowsStandaloneSupport/UnityEditor.WindowsStandalone.Extensions.dll
Registered in 0.001735 seconds.
Native extension for WindowsStandalone target not found
Refreshing native plugins compatible for Editor in 22.68 ms, found 2 plugins.
Preloading 0 native plugins for Editor in 0.00 ms.
Mono: successfully reloaded assembly
- Completed reload, in  0.871 seconds
Domain Reload Profiling:
	ReloadAssembly (871ms)
		BeginReloadAssembly (46ms)
			ExecutionOrderSort (0ms)
			DisableScriptedObjects (0ms)
			BackupInstance (0ms)
			ReleaseScriptingObjects (0ms)
			CreateAndSetChildDomain (1ms)
		EndReloadAssembly (342ms)
			LoadAssemblies (44ms)
			RebuildTransferFunctionScriptingTraits (0ms)
			SetupTypeCache (122ms)
			ReleaseScriptCaches (0ms)
			RebuildScriptCaches (25ms)
			SetupLoadedEditorAssemblies (122ms)
				LogAssemblyErrors (0ms)
				InitializePlatformSupportModulesInManaged (3ms)
				SetLoadedEditorAssemblies (0ms)
				RefreshPlugins (23ms)
				BeforeProcessingInitializeOnLoad (7ms)
				ProcessInitializeOnLoadAttributes (66ms)
				ProcessInitializeOnLoadMethodAttributes (23ms)
				AfterProcessingInitializeOnLoad (0ms)
				EditorAssembliesLoaded (0ms)
			ExecutionOrderSort2 (0ms)
			AwakeInstancesAfterBackupRestoration (0ms)
Platform modules already initialized, skipping
Registering precompiled user dll's ...
Registered in 0.003914 seconds.
Begin MonoManager ReloadAssembly
Native extension for WindowsStandalone target not found
Refreshing native plugins compatible for Editor in 0.28 ms, found 2 plugins.
Preloading 0 native plugins for Editor in 0.00 ms.
Mono: successfully reloaded assembly
- Completed reload, in  0.828 seconds
Domain Reload Profiling:
	ReloadAssembly (828ms)
		BeginReloadAssembly (139ms)
			ExecutionOrderSort (0ms)
			DisableScriptedObjects (4ms)
			BackupInstance (0ms)
			ReleaseScriptingObjects (0ms)
			CreateAndSetChildDomain (15ms)
		EndReloadAssembly (628ms)
			LoadAssemblies (91ms)
			RebuildTransferFunctionScriptingTraits (0ms)
			SetupTypeCache (219ms)
			ReleaseScriptCaches (0ms)
			RebuildScriptCaches (33ms)
			SetupLoadedEditorAssemblies (234ms)
				LogAssemblyErrors (0ms)
				InitializePlatformSupportModulesInManaged (4ms)
				SetLoadedEditorAssemblies (0ms)
				RefreshPlugins (0ms)
				BeforeProcessingInitializeOnLoad (44ms)
				ProcessInitializeOnLoadAttributes (172ms)
				ProcessInitializeOnLoadMethodAttributes (8ms)
				AfterProcessingInitializeOnLoad (5ms)
				EditorAssembliesLoaded (0ms)
			ExecutionOrderSort2 (0ms)
			AwakeInstancesAfterBackupRestoration (6ms)
Platform modules already initialized, skipping
========================================================================
Worker process is ready to serve import requests
Launched and connected shader compiler UnityShaderCompiler.exe after 0.06 seconds
Refreshing native plugins compatible for Editor in 0.28 ms, found 2 plugins.
Preloading 0 native plugins for Editor in 0.00 ms.
Unloading 1488 Unused Serialized files (Serialized files now loaded: 0)
System memory in use before: 68.1 MB.
System memory in use after: 68.1 MB.

Unloading 19 unused Assets to reduce memory usage. Loaded Objects now: 1921.
Total: 2.698300 ms (FindLiveObjects: 0.110600 ms CreateObjectMapping: 0.032900 ms MarkObjects: 2.507000 ms  DeleteObjects: 0.047200 ms)

AssetImportParameters requested are different than current active one (requested -> active):
  custom:framework-win-MediaFoundation: 216162199b28c13a410421893ffa2e32 -> 
  custom:video-decoder-ogg-theora: a1e56fd34408186e4bbccfd4996cb3dc -> 
  custom:container-muxer-webm: aa71ff27fc2769a1b78a27578f13a17b -> 
  custom:container-demuxer-webm: 4f35f7cbe854078d1ac9338744f61a02 -> 
  custom:container-demuxer-ogg: 62fdf1f143b41e24485cea50d1cbac27 -> 
  custom:video-encoder-webm-vp8: eb34c28f22e8b96e1ab97ce403110664 -> 
  custom:video-decoder-webm-vp8: 9c59270c3fd7afecdb556c50c9e8de78 -> 
  custom:audio-decoder-ogg-vorbis: bf7c407c2cedff20999df2af8eb42d56 -> 
  custom:audio-encoder-webm-vorbis: bf7c407c2cedff20999df2af8eb42d56 -> 
========================================================================
Received Import Request.
  path: Assets/Scenes/level test.fbx
  artifactKey: Guid(d7aeb360159bd024080f008c7afb84ca) Importer(815301076,1909f56bfc062723c751e8b465ee728b)
Start importing Assets/Scenes/level test.fbx using Guid(d7aeb360159bd024080f008c7afb84ca) Importer(815301076,1909f56bfc062723c751e8b465ee728b)  -> (artifact id: 'e43e304741265addacf2a62af81e9f7f') in 0.410308 seconds 
  Import took 0.412527 seconds .

========================================================================
Received Import Request.
  Time since last request: 506.459911 seconds.
  path: Assets/Scenes/test1.fbx
  artifactKey: Guid(be33224428610d244a4d85502c8da995) Importer(815301076,1909f56bfc062723c751e8b465ee728b)
Start importing Assets/Scenes/test1.fbx using Guid(be33224428610d244a4d85502c8da995) Importer(815301076,1909f56bfc062723c751e8b465ee728b)  -> (artifact id: 'c0a8b899bfbce0ba10a84ee88dbaba25') in 0.042840 seconds 
  Import took 0.045268 seconds .

========================================================================
Received Import Request.
  Time since last request: 137.856207 seconds.
  path: Assets/Scenes/test2.fbx
  artifactKey: Guid(d5f34b88c525bdf46a25b8a79d6ec9ab) Importer(815301076,1909f56bfc062723c751e8b465ee728b)
Start importing Assets/Scenes/test2.fbx using Guid(d5f34b88c525bdf46a25b8a79d6ec9ab) Importer(815301076,1909f56bfc062723c751e8b465ee728b)  -> (artifact id: 'f3b81d9a4063b32d9247f911a7d3f833') in 0.337987 seconds 
  Import took 0.340642 seconds .

========================================================================
Received Import Request.
  Time since last request: 62.879160 seconds.
  path: Assets/Scenes/tank.fbx
  artifactKey: Guid(90cb5adfc36ce874e879141a7468461a) Importer(815301076,1909f56bfc062723c751e8b465ee728b)
Start importing Assets/Scenes/tank.fbx using Guid(90cb5adfc36ce874e879141a7468461a) Importer(815301076,1909f56bfc062723c751e8b465ee728b)  -> (artifact id: '42edd2492b233bc569d9fbf03615c16d') in 0.063918 seconds 
  Import took 0.065950 seconds .

========================================================================
Received Import Request.
  Time since last request: 129.325109 seconds.
  path: Assets/Scenes/barrel.fbx
  artifactKey: Guid(0a9f6e836a8b22c4c8cf9a1a0f655236) Importer(815301076,1909f56bfc062723c751e8b465ee728b)
Start importing Assets/Scenes/barrel.fbx using Guid(0a9f6e836a8b22c4c8cf9a1a0f655236) Importer(815301076,1909f56bfc062723c751e8b465ee728b)  -> (artifact id: '05e593fd51b0f14510e938bc96405b5e') in 0.021074 seconds 
  Import took 0.023137 seconds .

========================================================================
Received Import Request.
  Time since last request: 117.303700 seconds.
  path: Assets/Scenes/crate.fbx
  artifactKey: Guid(8a4e48141fae3c248abc1e8bf48372f2) Importer(815301076,1909f56bfc062723c751e8b465ee728b)
Start importing Assets/Scenes/crate.fbx using Guid(8a4e48141fae3c248abc1e8bf48372f2) Importer(815301076,1909f56bfc062723c751e8b465ee728b)  -> (artifact id: 'd701f046f73c786e02960ae652142fcf') in 0.022028 seconds 
  Import took 0.024517 seconds .

AssetImportWorkerClient::OnTransportError - code=2 error=End of file
